2009-03-26 08:48:32 - 0, 1, 83712, wb
2009-03-26 08:48:32 - 0, 1, 105050, wb
2009-03-26 08:50:08 - 3, 4, 123574, ab
2009-03-26 10:26:04 - 0, 1, 168535, wb
2009-03-26 10:29:33 - 0, 1, 83712, wb
2009-04-07 13:52:18 - 0, 1, 749433, wb
2009-04-20 16:42:00 - 0, 1, 115066, wb
2009-05-02 00:26:05 - 0, 1, 102266, wb
2009-05-02 00:26:44 - 0, 1, 9446, wb
2009-05-02 00:27:05 - 0, 1, 20206, wb
2009-05-02 01:45:58 - 0, 1, 20206, wb
2009-05-02 01:45:58 - 0, 1, 9446, wb
2009-05-12 15:48:48 - 0, 1, 272417, wb
2009-05-12 15:48:48 - 0, 1, 236190, wb
2009-05-12 15:48:49 - 0, 1, 232774, wb
2009-05-12 15:48:49 - 3, 4, 3806173, ab
<<<<<<< HEAD:app/webroot/js/tiny_mce/plugins/imagemanager/logs/debug.log
2009-06-04 14:57:59 - 0, 1, 604394, wb
2009-06-04 14:58:29 - 0, 1, 14864, wb
=======
2009-06-04 20:07:37 - 2, 3, 2550902, ab
<<<<<<< HEAD:app/webroot/js/tiny_mce/plugins/imagemanager/logs/debug.log
>>>>>>> dd911bb137faf1c6c7b6e5538fa985c91987a3e9:app/webroot/js/tiny_mce/plugins/imagemanager/logs/debug.log
=======
2009-06-04 20:46:01 - 0, 1, 346184, wb
2009-06-04 20:46:56 - 0, 1, 346184, wb
2009-06-04 20:49:26 - 0, 1, 346184, wb
>>>>>>> 97d7c4c5729ccbc3d0e4acd3cb2d7eca0c78edfc:app/webroot/js/tiny_mce/plugins/imagemanager/logs/debug.log
2009-07-21 10:11:42 - 0, 1, 115066, wb
